  Asteroid.cpp
c:\prg\opengl\asteroids\asteroids\Random.h(2): warning C4005: 'GLM_ENABLE_EXPERIMENTAL': macro redefinition
  c:\prg\opengl\asteroids\asteroids\Random.h(2): note: command-line arguments:  see previous definition of 'GLM_ENABLE_EXPERIMENTAL'
  Debris.cpp
  framebuffer.cpp
  HUD.cpp
c:\prg\opengl\asteroids\asteroids\Random.h(2): warning C4005: 'GLM_ENABLE_EXPERIMENTAL': macro redefinition
  c:\prg\opengl\asteroids\asteroids\Random.h(2): note: command-line arguments:  see previous definition of 'GLM_ENABLE_EXPERIMENTAL'
  loadOBJ.cpp
  loadshaders.cpp
  main.cpp
main.cpp(1): warning C4005: 'GLM_ENABLE_EXPERIMENTAL': macro redefinition
  main.cpp(1): note: command-line arguments:  see previous definition of 'GLM_ENABLE_EXPERIMENTAL'
  Particles.cpp
c:\prg\opengl\asteroids\asteroids\Random.h(2): warning C4005: 'GLM_ENABLE_EXPERIMENTAL': macro redefinition
  c:\prg\opengl\asteroids\asteroids\Random.h(2): note: command-line arguments:  see previous definition of 'GLM_ENABLE_EXPERIMENTAL'
  Player.cpp
c:\prg\opengl\asteroids\asteroids\Random.h(2): warning C4005: 'GLM_ENABLE_EXPERIMENTAL': macro redefinition
  c:\prg\opengl\asteroids\asteroids\Random.h(2): note: command-line arguments:  see previous definition of 'GLM_ENABLE_EXPERIMENTAL'
  Polygon.cpp
Polygon.cpp(61): warning C4305: 'initializing': truncation from 'double' to 'float'
  Random.cpp
c:\prg\opengl\asteroids\asteroids\Random.h(2): warning C4005: 'GLM_ENABLE_EXPERIMENTAL': macro redefinition
  c:\prg\opengl\asteroids\asteroids\Random.h(2): note: command-line arguments:  see previous definition of 'GLM_ENABLE_EXPERIMENTAL'
Random.cpp(40): warning C4244: 'return': conversion from 'double' to 'float', possible loss of data
Random.cpp(83): warning C4244: 'argument': conversion from 'double' to 'float', possible loss of data
Random.cpp(85): warning C4244: 'argument': conversion from 'double' to 'float', possible loss of data
  matrix.cpp
  Skybox.cpp
c:\prg\opengl\asteroids\asteroids\Random.h(2): warning C4005: 'GLM_ENABLE_EXPERIMENTAL': macro redefinition
  c:\prg\opengl\asteroids\asteroids\Random.h(2): note: command-line arguments:  see previous definition of 'GLM_ENABLE_EXPERIMENTAL'
LINK : warning LNK4098: defaultlib 'MSVCRTD' conflicts with use of other libs; use /NODEFAULTLIB:library
LINK : warning LNK4098: defaultlib 'LIBCMT' conflicts with use of other libs; use /NODEFAULTLIB:library
  Generating code
  All 408 functions were compiled because no usable IPDB/IOBJ from previous compilation was found.
  Finished generating code
glfw3.lib(context.obj) : warning LNK4099: PDB 'glfw.pdb' was not found with 'glfw3.lib(context.obj)' or at 'C:\prg\opengl\asteroids\Release\glfw.pdb'; linking object as if no debug info
glfw3.lib(init.obj) : warning LNK4099: PDB 'glfw.pdb' was not found with 'glfw3.lib(init.obj)' or at 'C:\prg\opengl\asteroids\Release\glfw.pdb'; linking object as if no debug info
glfw3.lib(input.obj) : warning LNK4099: PDB 'glfw.pdb' was not found with 'glfw3.lib(input.obj)' or at 'C:\prg\opengl\asteroids\Release\glfw.pdb'; linking object as if no debug info
glfw3.lib(monitor.obj) : warning LNK4099: PDB 'glfw.pdb' was not found with 'glfw3.lib(monitor.obj)' or at 'C:\prg\opengl\asteroids\Release\glfw.pdb'; linking object as if no debug info
glfw3.lib(vulkan.obj) : warning LNK4099: PDB 'glfw.pdb' was not found with 'glfw3.lib(vulkan.obj)' or at 'C:\prg\opengl\asteroids\Release\glfw.pdb'; linking object as if no debug info
glfw3.lib(window.obj) : warning LNK4099: PDB 'glfw.pdb' was not found with 'glfw3.lib(window.obj)' or at 'C:\prg\opengl\asteroids\Release\glfw.pdb'; linking object as if no debug info
glfw3.lib(win32_init.obj) : warning LNK4099: PDB 'glfw.pdb' was not found with 'glfw3.lib(win32_init.obj)' or at 'C:\prg\opengl\asteroids\Release\glfw.pdb'; linking object as if no debug info
glfw3.lib(win32_joystick.obj) : warning LNK4099: PDB 'glfw.pdb' was not found with 'glfw3.lib(win32_joystick.obj)' or at 'C:\prg\opengl\asteroids\Release\glfw.pdb'; linking object as if no debug info
glfw3.lib(win32_monitor.obj) : warning LNK4099: PDB 'glfw.pdb' was not found with 'glfw3.lib(win32_monitor.obj)' or at 'C:\prg\opengl\asteroids\Release\glfw.pdb'; linking object as if no debug info
glfw3.lib(win32_time.obj) : warning LNK4099: PDB 'glfw.pdb' was not found with 'glfw3.lib(win32_time.obj)' or at 'C:\prg\opengl\asteroids\Release\glfw.pdb'; linking object as if no debug info
glfw3.lib(win32_tls.obj) : warning LNK4099: PDB 'glfw.pdb' was not found with 'glfw3.lib(win32_tls.obj)' or at 'C:\prg\opengl\asteroids\Release\glfw.pdb'; linking object as if no debug info
glfw3.lib(win32_window.obj) : warning LNK4099: PDB 'glfw.pdb' was not found with 'glfw3.lib(win32_window.obj)' or at 'C:\prg\opengl\asteroids\Release\glfw.pdb'; linking object as if no debug info
glfw3.lib(wgl_context.obj) : warning LNK4099: PDB 'glfw.pdb' was not found with 'glfw3.lib(wgl_context.obj)' or at 'C:\prg\opengl\asteroids\Release\glfw.pdb'; linking object as if no debug info
glfw3.lib(egl_context.obj) : warning LNK4099: PDB 'glfw.pdb' was not found with 'glfw3.lib(egl_context.obj)' or at 'C:\prg\opengl\asteroids\Release\glfw.pdb'; linking object as if no debug info
glew32s.lib(glew.obj) : warning LNK4099: PDB 'vc120.pdb' was not found with 'glew32s.lib(glew.obj)' or at 'C:\prg\opengl\asteroids\Release\vc120.pdb'; linking object as if no debug info
  asteroids.vcxproj -> C:\prg\opengl\asteroids\Release\asteroids.exe
