c:\prg\opengl\asteroids\release\asteroids.ipdb
c:\prg\opengl\asteroids\release\asteroids.iobj
c:\prg\opengl\asteroids\asteroids\release\vc141.pdb
c:\prg\opengl\asteroids\asteroids\release\skybox.obj
c:\prg\opengl\asteroids\asteroids\release\matrix.obj
c:\prg\opengl\asteroids\asteroids\release\random.obj
c:\prg\opengl\asteroids\asteroids\release\polygon.obj
c:\prg\opengl\asteroids\asteroids\release\player.obj
c:\prg\opengl\asteroids\asteroids\release\particles.obj
c:\prg\opengl\asteroids\asteroids\release\main.obj
c:\prg\opengl\asteroids\asteroids\release\loadshaders.obj
c:\prg\opengl\asteroids\asteroids\release\loadobj.obj
c:\prg\opengl\asteroids\asteroids\release\hud.obj
c:\prg\opengl\asteroids\asteroids\release\asteroid.obj
c:\prg\opengl\asteroids\release\asteroids.exe
c:\prg\opengl\asteroids\release\asteroids.pdb
c:\prg\opengl\asteroids\asteroids\release\asteroids.tlog\asteroids.write.1u.tlog
c:\prg\opengl\asteroids\asteroids\release\asteroids.tlog\cl.command.1.tlog
c:\prg\opengl\asteroids\asteroids\release\asteroids.tlog\cl.read.1.tlog
c:\prg\opengl\asteroids\asteroids\release\asteroids.tlog\cl.write.1.tlog
c:\prg\opengl\asteroids\asteroids\release\asteroids.tlog\link.command.1.tlog
c:\prg\opengl\asteroids\asteroids\release\asteroids.tlog\link.read.1.tlog
c:\prg\opengl\asteroids\asteroids\release\asteroids.tlog\link.write.1.tlog
